<?xml version="1.0" encoding="UTF-8"?>
<testsuite xmlns:xsi="http://www.w3.org/2001/XMLSchema-instance" xsi:noNamespaceSchemaLocation="https://maven.apache.org/surefire/maven-surefire-plugin/xsd/surefire-test-report.xsd" version="3.0.2" name="com.pageturner.bookshelf.BookshelfApplicationTests" time="1.662" tests="1" errors="0" skipped="0" failures="0">
  <properties>
[...]
</properties>
  <testcase name="contextLoads" classname="com.pageturner.bookshelf.BookshelfApplicationTests" time="0.007">
    <system-out><![CDATA[2026-06-24T22:08:29.124+05:30  INFO 36888 --- [           main] t.c.s.AnnotationConfigContextLoaderUtils : Could not detect default configuration classes for test class [com.pageturner.bookshelf.BookshelfApplicationTests]: BookshelfApplicationTests does not declare any static, non-private, non-final, nested classes annotated with @Configuration.
2026-06-24T22:08:29.129+05:30  INFO 36888 --- [           main] .b.t.c.SpringBootTestContextBootstrapper : Found @SpringBootConfiguration com.pageturner.bookshelf.BookshelfApplication for test class com.pageturner.bookshelf.BookshelfApplicationTests

  .   ____          _            __ _ _
 /\\ / ___'_ __ _ _(_)_ __  __ _ \ \ \ \
( ( )\___ | '_ | '_| | '_ \/ _` | \ \ \ \
 \\/  ___)| |_)| | | | | || (_| |  ) ) ) )
  '  |____| .__|_| |_|_| |_\__, | / / / /
 =========|_|==============|___/=/_/_/_/

 :: Spring Boot ::                (v3.4.3)

2026-06-24T22:08:29.163+05:30  INFO 36888 --- [           main] c.p.bookshelf.BookshelfApplicationTests  : Starting BookshelfApplicationTests using Java 17.0.19 with PID 36888 (started by SivaPrasad in C:\2027\openspec\bookshelf-api)
2026-06-24T22:08:29.165+05:30  INFO 36888 --- [           main] c.p.bookshelf.BookshelfApplicationTests  : No active profile set, falling back to 1 default profile: "default"
2026-06-24T22:08:29.706+05:30  INFO 36888 --- [           main] .s.d.r.c.RepositoryConfigurationDelegate : Bootstrapping Spring Data JPA repositories in DEFAULT mode.
2026-06-24T22:08:29.721+05:30  INFO 36888 --- [           main] .s.d.r.c.RepositoryConfigurationDelegate : Finished Spring Data repository scanning in 12 ms. Found 1 JPA repository interface.
2026-06-24T22:08:29.957+05:30  INFO 36888 --- [           main] o.hibernate.jpa.internal.util.LogHelper  : HHH000204: Processing PersistenceUnitInfo [name: default]
2026-06-24T22:08:29.959+05:30  INFO 36888 --- [           main] o.h.c.internal.RegionFactoryInitiator    : HHH000026: Second-level cache disabled
2026-06-24T22:08:29.984+05:30  INFO 36888 --- [           main] o.s.o.j.p.SpringPersistenceUnitInfo      : No LoadTimeWeaver setup: ignoring JPA class transformer
2026-06-24T22:08:29.985+05:30  INFO 36888 --- [           main] com.zaxxer.hikari.HikariDataSource       : HikariPool-2 - Starting...
2026-06-24T22:08:29.986+05:30  INFO 36888 --- [           main] com.zaxxer.hikari.pool.HikariPool        : HikariPool-2 - Added connection conn10: url=jdbc:h2:file:./data/bookshelf user=SA
2026-06-24T22:08:29.986+05:30  INFO 36888 --- [           main] com.zaxxer.hikari.HikariDataSource       : HikariPool-2 - Start completed.
2026-06-24T22:08:29.991+05:30  INFO 36888 --- [           main] org.hibernate.orm.connections.pooling    : HHH10001005: Database info:
	Database JDBC URL [Connecting through datasource 'HikariDataSource (HikariPool-2)']
	Database driver: undefined/unknown
	Database version: 2.3.232
	Autocommit mode: undefined/unknown
	Isolation level: undefined/unknown
	Minimum pool size: undefined/unknown
	Maximum pool size: undefined/unknown
2026-06-24T22:08:30.040+05:30  INFO 36888 --- [           main] o.h.e.t.j.p.i.JtaPlatformInitiator       : HHH000489: No JTA platform available (set 'hibernate.transaction.jta.platform' to enable JTA platform integration)
2026-06-24T22:08:30.046+05:30  INFO 36888 --- [           main] j.LocalContainerEntityManagerFactoryBean : Initialized JPA EntityManagerFactory for persistence unit 'default'
2026-06-24T22:08:30.686+05:30  INFO 36888 --- [           main] o.s.b.a.h2.H2ConsoleAutoConfiguration    : H2 console available at '/h2-console'. Database available at 'jdbc:h2:file:./data/bookshelf'
2026-06-24T22:08:30.735+05:30  INFO 36888 --- [           main] o.s.b.a.e.web.EndpointLinksResolver      : Exposing 1 endpoint beneath base path '/actuator'
2026-06-24T22:08:30.768+05:30  INFO 36888 --- [           main] c.p.bookshelf.BookshelfApplicationTests  : Started BookshelfApplicationTests in 1.634 seconds (process running for 10.921)
]]></system-out>
  </testcase>
</testsuite>